Loading and processing data...

Saving cleaned data to clean_data.csv...

Number of samples with valid target values: 5377

Performing feature engineering...

Training model...

Evaluating model on test set...
Classification Report:
              precision    recall  f1-score   support

           0       0.54      0.34      0.42       561
           1       0.71      0.85      0.77      1053

    accuracy                           0.67      1614
   macro avg       0.62      0.59      0.59      1614
weighted avg       0.65      0.67      0.65      1614


ROC AUC Score: 0.6750393155621914
Accuracy: 0.671003717472119
Model saved to default_prediction_model.pkl

Making sample predictions...

Sample predictions:
   Probability  Prediction Decision Confidence  Adjusted_Prediction
0     0.910368           1   Accept       High                    1
1     0.246767           0  Decline       High                    0
2     0.829287           1   Accept       High                    1
3     0.913370           1   Accept       High                    1
4     0.310112           0  Decline       High                    0
